app/build/intermediates/manifest_merge_blame_file/debug/manifest-merger-blame-debug-report.txt
1<?xml version="1.0" encoding="utf-8"?>
2<manifest xmlns:android="http://schemas.android.com/apk/res/android"
3    package="com.example.umimaps"
4    android:versionCode="1"
5    android:versionName="1.0" >
6
7    <uses-sdk
8        android:minSdkVersion="21"
8-->src\main\AndroidManifest.xml
9        android:targetSdkVersion="32" />
9-->src\main\AndroidManifest.xml
10
11    <!-- Include required permissions for Google Maps API to run. -->
12    <uses-permission android:name="android.permission.ACCESS_NETWORK_STATE" />
12-->[com.google.android.gms:play-services-maps:18.0.2] AndroidManifest.xml:23:5-79
12-->[com.google.android.gms:play-services-maps:18.0.2] AndroidManifest.xml:23:22-76
13    <uses-permission android:name="android.permission.INTERNET" />
13-->[com.google.android.gms:play-services-maps:18.0.2] AndroidManifest.xml:24:5-67
13-->[com.google.android.gms:play-services-maps:18.0.2] AndroidManifest.xml:24:22-64
14
15    <uses-feature
15-->[com.google.android.gms:play-services-maps:18.0.2] AndroidManifest.xml:26:5-28:35
16        android:glEsVersion="0x00020000"
16-->[com.google.android.gms:play-services-maps:18.0.2] AndroidManifest.xml:27:9-41
17        android:required="true" />
17-->[com.google.android.gms:play-services-maps:18.0.2] AndroidManifest.xml:28:9-32
18
19    <queries>
19-->[com.google.android.gms:play-services-maps:18.0.2] AndroidManifest.xml:30:5-34:15
20
21        <!-- Needs to be explicitly declared on Android R+ -->
22        <package android:name="com.google.android.apps.maps" />
22-->[com.google.android.gms:play-services-maps:18.0.2] AndroidManifest.xml:33:9-64
22-->[com.google.android.gms:play-services-maps:18.0.2] AndroidManifest.xml:33:18-61
23    </queries>
24
25    <application
25-->src\main\AndroidManifest.xml:5:5-63:19
26        android:allowBackup="true"
26-->src\main\AndroidManifest.xml:6:9-35
27        android:appComponentFactory="androidx.core.app.CoreComponentFactory"
27-->[androidx.core:core:1.8.0] AndroidManifest.xml:24:18-86
28        android:dataExtractionRules="@xml/data_extraction_rules"
28-->src\main\AndroidManifest.xml:7:9-65
29        android:debuggable="true"
30        android:fullBackupContent="@xml/backup_rules"
30-->src\main\AndroidManifest.xml:8:9-54
31        android:icon="@drawable/logo_schools"
31-->src\main\AndroidManifest.xml:9:9-46
32        android:label="@string/app_name"
32-->src\main\AndroidManifest.xml:10:9-41
33        android:roundIcon="@mipmap/ic_launcher_round"
33-->src\main\AndroidManifest.xml:11:9-54
34        android:supportsRtl="true"
34-->src\main\AndroidManifest.xml:12:9-35
35        android:testOnly="true"
36        android:theme="@style/Theme.UMIMaps" >
36-->src\main\AndroidManifest.xml:13:9-45
37
38        <!--
39             TODO: Before you run your application, you need a Google Maps API key.
40
41             To get one, follow the directions here:
42
43                https://developers.google.com/maps/documentation/android-sdk/get-api-key
44
45             Once you have your API key (it starts with "AIza"), define a new property in your
46             project's local.properties file (e.g. MAPS_API_KEY=Aiza...), and replace the
47             "YOUR_API_KEY" string in this file with "${MAPS_API_KEY}".
48        -->
49        <meta-data
50            android:name="com.google.android.geo.API_KEY"
50-->src\main\AndroidManifest.xml:28:13-58
51            android:value="AIzaSyBP9tr34HW48My57pmnWSB2nNjkZ87Z8_A" />
51-->src\main\AndroidManifest.xml:29:13-44
52
53        <activity
53-->src\main\AndroidManifest.xml:31:9-34:66
54            android:name="com.example.umimaps.SchoolMapsActivity"
54-->src\main\AndroidManifest.xml:32:13-47
55            android:exported="false"
55-->src\main\AndroidManifest.xml:33:13-37
56            android:label="@string/title_activity_school_maps" />
56-->src\main\AndroidManifest.xml:34:13-63
57        <activity
57-->src\main\AndroidManifest.xml:35:9-41:20
58            android:name="com.example.umimaps.Schools"
58-->src\main\AndroidManifest.xml:36:13-36
59            android:exported="false" >
59-->src\main\AndroidManifest.xml:37:13-37
60            <meta-data
60-->src\main\AndroidManifest.xml:38:13-40:36
61                android:name="android.app.lib_name"
61-->src\main\AndroidManifest.xml:39:17-52
62                android:value="" />
62-->src\main\AndroidManifest.xml:40:17-33
63        </activity>
64        <activity
64-->src\main\AndroidManifest.xml:42:9-45:65
65            android:name="com.example.umimaps.CreateMapActivity"
65-->src\main\AndroidManifest.xml:43:13-46
66            android:exported="false"
66-->src\main\AndroidManifest.xml:44:13-37
67            android:label="@string/title_activity_create_map" />
67-->src\main\AndroidManifest.xml:45:13-62
68        <activity
68-->src\main\AndroidManifest.xml:46:9-49:66
69            android:name="com.example.umimaps.DisplayMapActivity"
69-->src\main\AndroidManifest.xml:47:13-47
70            android:exported="false"
70-->src\main\AndroidManifest.xml:48:13-37
71            android:label="@string/title_activity_display_map" />
71-->src\main\AndroidManifest.xml:49:13-63
72        <activity
72-->src\main\AndroidManifest.xml:50:9-62:20
73            android:name="com.example.umimaps.MainActivity"
73-->src\main\AndroidManifest.xml:51:13-41
74            android:exported="true" >
74-->src\main\AndroidManifest.xml:52:13-36
75            <intent-filter>
75-->src\main\AndroidManifest.xml:53:13-57:29
76                <action android:name="android.intent.action.MAIN" />
76-->src\main\AndroidManifest.xml:54:17-69
76-->src\main\AndroidManifest.xml:54:25-66
77
78                <category android:name="android.intent.category.LAUNCHER" />
78-->src\main\AndroidManifest.xml:56:17-77
78-->src\main\AndroidManifest.xml:56:27-74
79            </intent-filter>
80
81            <meta-data
81-->src\main\AndroidManifest.xml:38:13-40:36
82                android:name="android.app.lib_name"
82-->src\main\AndroidManifest.xml:39:17-52
83                android:value="" />
83-->src\main\AndroidManifest.xml:40:17-33
84        </activity>
85        <!-- Needs to be explicitly declared on P+ -->
86        <uses-library
86-->[com.google.android.gms:play-services-maps:18.0.2] AndroidManifest.xml:39:9-41:40
87            android:name="org.apache.http.legacy"
87-->[com.google.android.gms:play-services-maps:18.0.2] AndroidManifest.xml:40:13-50
88            android:required="false" />
88-->[com.google.android.gms:play-services-maps:18.0.2] AndroidManifest.xml:41:13-37
89
90        <activity
90-->[com.google.android.gms:play-services-base:18.0.1] AndroidManifest.xml:20:9-22:45
91            android:name="com.google.android.gms.common.api.GoogleApiActivity"
91-->[com.google.android.gms:play-services-base:18.0.1] AndroidManifest.xml:20:19-85
92            android:exported="false"
92-->[com.google.android.gms:play-services-base:18.0.1] AndroidManifest.xml:22:19-43
93            android:theme="@android:style/Theme.Translucent.NoTitleBar" />
93-->[com.google.android.gms:play-services-base:18.0.1] AndroidManifest.xml:21:19-78
94
95        <meta-data
95-->[com.google.android.gms:play-services-basement:18.0.0] AndroidManifest.xml:21:9-23:69
96            android:name="com.google.android.gms.version"
96-->[com.google.android.gms:play-services-basement:18.0.0] AndroidManifest.xml:22:13-58
97            android:value="@integer/google_play_services_version" />
97-->[com.google.android.gms:play-services-basement:18.0.0] AndroidManifest.xml:23:13-66
98
99        <provider
99-->[androidx.emoji2:emoji2:1.2.0] AndroidManifest.xml:24:9-32:20
100            android:name="androidx.startup.InitializationProvider"
100-->[androidx.emoji2:emoji2:1.2.0] AndroidManifest.xml:25:13-67
101            android:authorities="com.example.umimaps.androidx-startup"
101-->[androidx.emoji2:emoji2:1.2.0] AndroidManifest.xml:26:13-68
102            android:exported="false" >
102-->[androidx.emoji2:emoji2:1.2.0] AndroidManifest.xml:27:13-37
103            <meta-data
103-->[androidx.emoji2:emoji2:1.2.0] AndroidManifest.xml:29:13-31:52
104                android:name="androidx.emoji2.text.EmojiCompatInitializer"
104-->[androidx.emoji2:emoji2:1.2.0] AndroidManifest.xml:30:17-75
105                android:value="androidx.startup" />
105-->[androidx.emoji2:emoji2:1.2.0] AndroidManifest.xml:31:17-49
106            <meta-data
106-->[androidx.lifecycle:lifecycle-process:2.4.1] AndroidManifest.xml:31:13-33:52
107                android:name="androidx.lifecycle.ProcessLifecycleInitializer"
107-->[androidx.lifecycle:lifecycle-process:2.4.1] AndroidManifest.xml:32:17-78
108                android:value="androidx.startup" />
108-->[androidx.lifecycle:lifecycle-process:2.4.1] AndroidManifest.xml:33:17-49
109        </provider>
110    </application>
111
112</manifest>